0 [140574076107712] INFO perfrun.launcher <> - Launcher main begin
1 [140574076107712] INFO perfrun.launcher <> - MessageCatalogInit finished
1 [140574076107712] INFO perfrun.launcher <> - Launcher instance created
1 [140574076107712] INFO perfrun.launcher <> - argc = 7; cmdline = /opt/intel/oneapi/vtune/2025.0/bin64/amplxe-runss --ui-output-format xml --ui-output-fd 5 --option-file /home/sriram/HighPerformanceComputingIIITDM/Assignment1-Profiling/r001hs/config/runss.options 
24 [140574076107712] INFO perfrun.perfcollector <> - SEP tool path: /opt/intel/oneapi/vtune/2025.0/bin64/sep
48 [140574076107712] INFO perfrun.launcher <> - create msngr2::ICliToolContext
48 [140574076107712] INFO perfrun.launcher <> - create file finder object
48 [140574076107712] INFO perfrun.launcher <> - create a result directory: pattern = /home/sriram/HighPerformanceComputingIIITDM/Assignment1-Profiling/r001hs pid = 4294967295
49 [140574076107712] INFO perfrun.sdk <> - checked that the directory /home/sriram/HighPerformanceComputingIIITDM/Assignment1-Profiling/r001hs is a local directory
49 [140574076107712] INFO perfrun.sdk <> - the directory /home/sriram/HighPerformanceComputingIIITDM/Assignment1-Profiling/r001hs is a local directory with FS type ID 61267
49 [140574076107712] INFO perfrun.launcher <> - create data directory = /home/sriram/HighPerformanceComputingIIITDM/Assignment1-Profiling/r001hs/data.0
49 [140574076107712] INFO perfrun.launcher <> - Creating the master collection flag
52 [140574076107712] INFO perfrun.launcher <> - Done creating the master collection flag
53 [140573923075776] INFO perfrun.launcher <> - plugin [remoteplug] was disabled because it doesn't support the given collection type.
53 [140573923075776] INFO perfrun.sdk <> - Allocating TMU :/home/sriram/HighPerformanceComputingIIITDM/Assignment1-Profiling/r001hs/data.0/systemcollector-377186-SRIRAM.sc
54 [140573923075776] INFO perfrun.system <> - Tpss based collection
54 [140573923075776] INFO perfrun.launcher <> - plugin [ptracecollector] was disabled because it doesn't support the given collection type.
54 [140573923075776] INFO perfrun.launcher <> - plugin [gpu] was disabled because it doesn't support the given collection type.
54 [140573923075776] INFO perfrun.launcher <> - plugin [] was disabled because it doesn't support the given collection type.
54 [140573923075776] INFO perfrun.launcher <> - plugin [] was disabled because it doesn't support the given collection type.
54 [140573923075776] INFO perfrun.launcher <> - plugin [] was disabled because it doesn't support the given collection type.
54 [140573923075776] INFO perfrun.mrte <> - system-wide mode is 0
54 [140573923075776] INFO perfrun.mrte <> - Getting  mrte profiling environment ...
72 [140573923075776] INFO perfrun.mrte <> - INTEL_MRTE_DATA_DIR=/home/sriram/HighPerformanceComputingIIITDM/Assignment1-Profiling/r001hs/data.0
72 [140573923075776] INFO perfrun.mrte <> - INTEL_MRTE_HOST_NAME=SRIRAM
72 [140573923075776] INFO perfrun.mrte <> - JAVA_TOOL_OPTIONS=-agentlib:amplxe_samplingmrte_javaprof_1.0 -Dsun.boot.library.path=/opt/intel/oneapi/vtune/2025.0/lib32/runtime:/opt/intel/oneapi/vtune/2025.0/lib64/runtime
72 [140573923075776] INFO perfrun.mrte <> - LD_LIBRARY_PATH=/opt/intel/oneapi/vtune/2025.0/lib32/runtime:/opt/intel/oneapi/vtune/2025.0/lib64/runtime
72 [140573923075776] INFO perfrun.mrte <> - CORECLR_ENABLE_PROFILING=1
72 [140573923075776] INFO perfrun.mrte <> - CORECLR_PROFILER={AA5E4821-E3B1-479c-B7FF-5AD047D22CED}
72 [140573923075776] INFO perfrun.mrte <> - CORECLR_PROFILER_PATH=/opt/intel/oneapi/vtune/2025.0/lib64/libamplxe_samplingmrte_clrprof_1.0.so
72 [140573923075776] INFO perfrun.mrte <> - INTEL_MRTE_PROFILER_MODE=mixed
72 [140573923075776] INFO perfrun.mrte <> - Data directory: /home/sriram/HighPerformanceComputingIIITDM/Assignment1-Profiling/r001hs/data.0
72 [140573923075776] INFO perfrun.mrte <> - Mrte plugin is initialized
72 [140573923075776] INFO perfrun.launcher <> - plugin [emon] was disabled because it doesn't support the given collection type.
72 [140573923075776] INFO perfrun.launcher <> - plugin [cuscol] was disabled because it doesn't support the given collection type.
72 [140573923075776] INFO perfrun.launcher <> - plugin [stdsrc] was disabled because it doesn't support the given collection type.
72 [140573923075776] INFO perfrun.launcher <> - plugin [sep] was disabled because it doesn't support the given collection type.
72 [140573923075776] INFO perfrun.launcher <> - plugin [vtsspp] was disabled because it doesn't support the given collection type.
72 [140573923075776] INFO perfrun.launcher <> - plugin [perf] was disabled because it doesn't support the given collection type.
72 [140573923075776] INFO perfrun.launcher <> - plugin [aoclprofile] was disabled because it doesn't support the given collection type.
72 [140573923075776] INFO perfrun.tpss <> - initialize tpss controller
72 [140573923075776] INFO perfrun.tpss <> - configure collection mode: value = cpu:counters:nostack
72 [140573923075776] INFO perfrun.tpss <> - configure collection mode: value = cpu:stack
72 [140573923075776] INFO perfrun.tpss <> - default obj-size-min=1024
72 [140573923075776] INFO perfrun.tpss <> - default hash-table-size=0
72 [140573923075776] INFO perfrun.launcher <> - plugin [media] was disabled because it doesn't support the given collection type.
72 [140573923075776] INFO perfrun.launcher <> - plugin [] was disabled because it doesn't support the given collection type.
72 [140573923075776] INFO perfrun.launcher <> - plugin [] was disabled because it doesn't support the given collection type.
72 [140573923075776] INFO perfrun.launcher <> - plugin [parallelfs] was disabled because it doesn't support the given collection type.
72 [140573923075776] INFO perfrun.launcher <> - plugin [power] was disabled because it doesn't support the given collection type.
72 [140573923075776] INFO perfrun.launcher <> - plugin [] was disabled because it doesn't support the given collection type.
72 [140573923075776] INFO perfrun.launcher <> - plugin [ipmwatch] was disabled because it doesn't support the given collection type.
72 [140573923075776] INFO perfrun.launcher <> - plugin [os_counters] was disabled because it doesn't support the given collection type.
72 [140573923075776] INFO perfrun.launcher <> - plugin [l0_metrics] was disabled because it doesn't support the given collection type.
73 [140574076107712] INFO perfrun.launcher <> - set environment variable: LD_LIBRARY_PATH = /opt/intel/oneapi/vtune/2025.0/lib32/runtime:/opt/intel/oneapi/vtune/2025.0/lib64/runtime
73 [140574076107712] INFO perfrun.launcher <> - set environment variable: INTEL_LIBITTNOTIFY32 = /opt/intel/oneapi/vtune/2025.0/lib32/runtime/libittnotify_collector.so
73 [140574076107712] INFO perfrun.launcher <> - set environment variable: INTEL_LIBITTNOTIFY64 = /opt/intel/oneapi/vtune/2025.0/lib64/runtime/libittnotify_collector.so
73 [140574076107712] INFO perfrun.launcher <> - set environment variable: INTEL_ITTNOTIFY_GROUPS = 
73 [140574076107712] INFO perfrun.launcher <> - set environment variable: INTEL_JIT_PROFILER32 = /opt/intel/oneapi/vtune/2025.0/lib32/runtime/libittnotify_collector.so
73 [140574076107712] INFO perfrun.launcher <> - set environment variable: INTEL_JIT_PROFILER64 = /opt/intel/oneapi/vtune/2025.0/lib64/runtime/libittnotify_collector.so
74 [140574076107712] INFO perfrun.launcher <> - set environment variable: CCL_ITT_LEVEL = 1
74 [140574076107712] INFO perfrun.launcher <> - set environment variable: ENABLE_JITPROFILING = 1
74 [140574076107712] INFO perfrun.launcher <> - set environment variable: CL_CONFIG_USE_VTUNE = True
74 [140574076107712] INFO perfrun.launcher <> - set environment variable: KMP_FORKJOIN_FRAMES = 0
75 [140574076107712] INFO perfrun.launcher <> - set environment variable: KMP_FORKJOIN_FRAMES_MODE = 0
75 [140574076107712] INFO perfrun.launcher <> - set environment variable: INTEL_MRTE_DATA_DIR = /home/sriram/HighPerformanceComputingIIITDM/Assignment1-Profiling/r001hs/data.0
75 [140574076107712] INFO perfrun.launcher <> - set environment variable: INTEL_MRTE_HOST_NAME = SRIRAM
75 [140574076107712] INFO perfrun.launcher <> - set environment variable: JAVA_TOOL_OPTIONS = -agentlib:amplxe_samplingmrte_javaprof_1.0 -Dsun.boot.library.path=/opt/intel/oneapi/vtune/2025.0/lib32/runtime:/opt/intel/oneapi/vtune/2025.0/lib64/runtime
75 [140574076107712] INFO perfrun.launcher <> - set environment variable: LD_LIBRARY_PATH = /opt/intel/oneapi/vtune/2025.0/lib32/runtime:/opt/intel/oneapi/vtune/2025.0/lib64/runtime
76 [140574076107712] INFO perfrun.launcher <> - set environment variable: CORECLR_ENABLE_PROFILING = 1
76 [140574076107712] INFO perfrun.launcher <> - set environment variable: CORECLR_PROFILER = {AA5E4821-E3B1-479c-B7FF-5AD047D22CED}
76 [140574076107712] INFO perfrun.launcher <> - set environment variable: CORECLR_PROFILER_PATH = /opt/intel/oneapi/vtune/2025.0/lib64/libamplxe_samplingmrte_clrprof_1.0.so
76 [140574076107712] INFO perfrun.launcher <> - set environment variable: INTEL_MRTE_PROFILER_MODE = mixed
76 [140574076107712] INFO perfrun.launcher <> - RpcServer: run RPC server to handle requests
76 [140574076107712] INFO perfrun.launcher <> - Launcher: command line to start before modification = ./nn
76 [140574076107712] INFO perfrun.launcher <> - Launcher: command line to start after modification = /opt/intel/oneapi/vtune/2025.0/bin64/pin -error_file /home/sriram/HighPerformanceComputingIIITDM/Assignment1-Profiling/r001hs/data.0/pinerr.tpsslog -detach_reattach -follow_execv -tool_load_option deepbind -t64 /opt/intel/oneapi/vtune/2025.0/lib64/libtpsstool.so -t /opt/intel/oneapi/vtune/2025.0/lib32/libtpsstool.so -server_name tpss_ipc.377186 -prd_dir /opt/intel/oneapi/vtune/2025.0 -- ./nn
76 [140574076107712] INFO perfrun.launcher <> - ProcessCreator object was created
77 [140574076107712] INFO perfrun.launcher <> - Launcher: the process was started in suspend mode
79 [140573923075776] WARN perfrun.system <> - Could not do anything with /sys/kernel/debug/kvm: boost::filesystem::status: Permission denied [system:13]: "/sys/kernel/debug/kvm", at file: vcs/perfrun1/plugins/system/src/trace_writer.cpp:787
79 [140573923075776] WARN perfrun.system <> - Folder "/var/run/libvirt/qemu/"doesn't exist, at file: vcs/perfrun1/plugins/system/src/trace_writer.cpp:800
80 [140573923075776] WARN perfrun.sdk <> - Failed to find xl binary on any of the system paths: /bin, /sbin, /usr/bin, /usr/sbin., at file: vcs/perfrun1/sdk/src/utils.cpp:205
80 [140573923075776] WARN perfrun.system <> - Could not start ContainerMapping collector, at file: vcs/perfrun1/plugins/system/src/controller.cpp:450
83 [140573923075776] INFO perfrun.vdso <> - Helper runtool '/opt/intel/oneapi/vtune/2025.0/bin32/amplxe-runss -dump-vdso -r /home/sriram/HighPerformanceComputingIIITDM/Assignment1-Profiling/r001hs --tmp-dir /tmp/amplxe-tmp-sriram' returned 1
137 [140573923075776] INFO perfrun.vdso <> - Helper runtool '/opt/intel/oneapi/vtune/2025.0/bin64/amplxe-runss -dump-vdso -r /home/sriram/HighPerformanceComputingIIITDM/Assignment1-Profiling/r001hs --tmp-dir /tmp/amplxe-tmp-sriram' returned 0
137 [140573923075776] INFO perfrun.itt <> - start itt controller for pid #377191
137 [140573923075776] INFO perfrun.tpss <> - start tpss controller for pid #377191
188 [140574076107712] INFO perfrun.launcher <> - Launcher: all plugins were started
188 [140574076107712] INFO perfrun.launcher <> - DirectoryMonitor object was created
188 [140574076107712] INFO perfrun.launcher <> - DirectoryMonitor: a callback was added
188 [140574076107712] INFO perfrun.launcher <> - DirectoryMonitor was started with pingTime = 1000
188 [140574076107712] INFO perfrun.launcher <> - DeadlineTimer is going to be constructed
188 [140574076107712] INFO perfrun.launcher <> - DeadlineTimer: a callback was added
196 [140574076107712] INFO perfrun.launcher <> - Launcher: resume the profiled application and  wait its termination or stop command
434 [140574076107712] INFO perfrun.launcher <> - Launcher: the profiled application was terminated  with exit code = 0
437 [140573923075776] INFO perfrun.itt <> - detach itt controller
437 [140573923075776] INFO perfrun.itt <> - detach itt controller done
437 [140573923075776] INFO perfrun.tpss <> - stop tpss controller
438 [140573923075776] INFO perfrun.sdk <> - De-allocating TMU: /home/sriram/HighPerformanceComputingIIITDM/Assignment1-Profiling/r001hs/data.0/systemcollector-377186-SRIRAM.sc
438 [140573923075776] INFO perfrun.system <> - closed the system trace file: /home/sriram/HighPerformanceComputingIIITDM/Assignment1-Profiling/r001hs/data.0/systemcollector-377186-SRIRAM.sc
439 [140574076107712] INFO perfrun.launcher <> - Launcher: all plugins were stopped.
439 [140574076107712] INFO perfrun.launcher <> - DeadlineTimer is going to be destroyed
439 [140574076107712] INFO perfrun.launcher <> - DeadlineTimer was destroyed
439 [140574076107712] INFO perfrun.launcher <> - DirectoryMonitor object was destroyed
439 [140574076107712] WARN perfrun.launcher <> - Stop command is ignored because it is received when collection is already stopped, at file: vcs/perfrun1/launcher/src/command_handler.cpp:226
439 [140574076107712] INFO perfrun.launcher <> - Application exit code: 0
439 [140574076107712] INFO perfrun.launcher <> - Exit code: 0
