0 [139944886967232] INFO perfrun.launcher <> - Launcher main begin
1 [139944886967232] INFO perfrun.launcher <> - MessageCatalogInit finished
1 [139944886967232] INFO perfrun.launcher <> - Launcher instance created
1 [139944886967232] INFO perfrun.launcher <> - argc = 7; cmdline = /opt/intel/oneapi/vtune/2025.0/bin64/amplxe-runss --ui-output-format xml --ui-output-fd 5 --option-file /home/sriram/HighPerformanceComputingIIITDM/Assignment1-Profiling/r000hs/config/runss.options 
26 [139944886967232] INFO perfrun.perfcollector <> - SEP tool path: /opt/intel/oneapi/vtune/2025.0/bin64/sep
39 [139944886967232] INFO perfrun.launcher <> - create msngr2::ICliToolContext
40 [139944886967232] INFO perfrun.launcher <> - create file finder object
40 [139944886967232] INFO perfrun.launcher <> - create a result directory: pattern = /home/sriram/HighPerformanceComputingIIITDM/Assignment1-Profiling/r000hs pid = 4294967295
40 [139944886967232] INFO perfrun.sdk <> - checked that the directory /home/sriram/HighPerformanceComputingIIITDM/Assignment1-Profiling/r000hs is a local directory
40 [139944886967232] INFO perfrun.sdk <> - the directory /home/sriram/HighPerformanceComputingIIITDM/Assignment1-Profiling/r000hs is a local directory with FS type ID 61267
41 [139944886967232] INFO perfrun.launcher <> - create data directory = /home/sriram/HighPerformanceComputingIIITDM/Assignment1-Profiling/r000hs/data.0
41 [139944886967232] INFO perfrun.launcher <> - Creating the master collection flag
44 [139944886967232] INFO perfrun.launcher <> - Done creating the master collection flag
45 [139944731338432] INFO perfrun.launcher <> - plugin [remoteplug] was disabled because it doesn't support the given collection type.
45 [139944731338432] INFO perfrun.sdk <> - Allocating TMU :/home/sriram/HighPerformanceComputingIIITDM/Assignment1-Profiling/r000hs/data.0/systemcollector-372987-SRIRAM.sc
45 [139944731338432] INFO perfrun.system <> - Tpss based collection
45 [139944731338432] INFO perfrun.launcher <> - plugin [ptracecollector] was disabled because it doesn't support the given collection type.
45 [139944731338432] INFO perfrun.launcher <> - plugin [gpu] was disabled because it doesn't support the given collection type.
45 [139944731338432] INFO perfrun.launcher <> - plugin [] was disabled because it doesn't support the given collection type.
45 [139944731338432] INFO perfrun.launcher <> - plugin [] was disabled because it doesn't support the given collection type.
45 [139944731338432] INFO perfrun.launcher <> - plugin [] was disabled because it doesn't support the given collection type.
45 [139944731338432] INFO perfrun.mrte <> - system-wide mode is 0
45 [139944731338432] INFO perfrun.mrte <> - Getting  mrte profiling environment ...
50 [139944731338432] INFO perfrun.mrte <> - INTEL_MRTE_DATA_DIR=/home/sriram/HighPerformanceComputingIIITDM/Assignment1-Profiling/r000hs/data.0
50 [139944731338432] INFO perfrun.mrte <> - INTEL_MRTE_HOST_NAME=SRIRAM
50 [139944731338432] INFO perfrun.mrte <> - JAVA_TOOL_OPTIONS=-agentlib:amplxe_samplingmrte_javaprof_1.0 -Dsun.boot.library.path=/opt/intel/oneapi/vtune/2025.0/lib32/runtime:/opt/intel/oneapi/vtune/2025.0/lib64/runtime
50 [139944731338432] INFO perfrun.mrte <> - LD_LIBRARY_PATH=/opt/intel/oneapi/vtune/2025.0/lib32/runtime:/opt/intel/oneapi/vtune/2025.0/lib64/runtime
50 [139944731338432] INFO perfrun.mrte <> - CORECLR_ENABLE_PROFILING=1
50 [139944731338432] INFO perfrun.mrte <> - CORECLR_PROFILER={AA5E4821-E3B1-479c-B7FF-5AD047D22CED}
50 [139944731338432] INFO perfrun.mrte <> - CORECLR_PROFILER_PATH=/opt/intel/oneapi/vtune/2025.0/lib64/libamplxe_samplingmrte_clrprof_1.0.so
50 [139944731338432] INFO perfrun.mrte <> - INTEL_MRTE_PROFILER_MODE=mixed
50 [139944731338432] INFO perfrun.mrte <> - Data directory: /home/sriram/HighPerformanceComputingIIITDM/Assignment1-Profiling/r000hs/data.0
50 [139944731338432] INFO perfrun.mrte <> - Mrte plugin is initialized
50 [139944731338432] INFO perfrun.launcher <> - plugin [emon] was disabled because it doesn't support the given collection type.
50 [139944731338432] INFO perfrun.launcher <> - plugin [cuscol] was disabled because it doesn't support the given collection type.
50 [139944731338432] INFO perfrun.launcher <> - plugin [stdsrc] was disabled because it doesn't support the given collection type.
50 [139944731338432] INFO perfrun.launcher <> - plugin [sep] was disabled because it doesn't support the given collection type.
50 [139944731338432] INFO perfrun.launcher <> - plugin [vtsspp] was disabled because it doesn't support the given collection type.
50 [139944731338432] INFO perfrun.launcher <> - plugin [perf] was disabled because it doesn't support the given collection type.
50 [139944731338432] INFO perfrun.launcher <> - plugin [aoclprofile] was disabled because it doesn't support the given collection type.
50 [139944731338432] INFO perfrun.tpss <> - initialize tpss controller
50 [139944731338432] INFO perfrun.tpss <> - configure collection mode: value = cpu:counters:nostack
50 [139944731338432] INFO perfrun.tpss <> - configure collection mode: value = cpu:stack
50 [139944731338432] INFO perfrun.tpss <> - default obj-size-min=1024
50 [139944731338432] INFO perfrun.tpss <> - default hash-table-size=0
50 [139944731338432] INFO perfrun.launcher <> - plugin [media] was disabled because it doesn't support the given collection type.
50 [139944731338432] INFO perfrun.launcher <> - plugin [] was disabled because it doesn't support the given collection type.
50 [139944731338432] INFO perfrun.launcher <> - plugin [] was disabled because it doesn't support the given collection type.
50 [139944731338432] INFO perfrun.launcher <> - plugin [parallelfs] was disabled because it doesn't support the given collection type.
50 [139944731338432] INFO perfrun.launcher <> - plugin [power] was disabled because it doesn't support the given collection type.
50 [139944731338432] INFO perfrun.launcher <> - plugin [] was disabled because it doesn't support the given collection type.
50 [139944731338432] INFO perfrun.launcher <> - plugin [ipmwatch] was disabled because it doesn't support the given collection type.
50 [139944731338432] INFO perfrun.launcher <> - plugin [os_counters] was disabled because it doesn't support the given collection type.
50 [139944731338432] INFO perfrun.launcher <> - plugin [l0_metrics] was disabled because it doesn't support the given collection type.
51 [139944886967232] INFO perfrun.launcher <> - set environment variable: LD_LIBRARY_PATH = /opt/intel/oneapi/vtune/2025.0/lib32/runtime:/opt/intel/oneapi/vtune/2025.0/lib64/runtime
51 [139944886967232] INFO perfrun.launcher <> - set environment variable: INTEL_LIBITTNOTIFY32 = /opt/intel/oneapi/vtune/2025.0/lib32/runtime/libittnotify_collector.so
51 [139944886967232] INFO perfrun.launcher <> - set environment variable: INTEL_LIBITTNOTIFY64 = /opt/intel/oneapi/vtune/2025.0/lib64/runtime/libittnotify_collector.so
51 [139944886967232] INFO perfrun.launcher <> - set environment variable: INTEL_ITTNOTIFY_GROUPS = 
51 [139944886967232] INFO perfrun.launcher <> - set environment variable: INTEL_JIT_PROFILER32 = /opt/intel/oneapi/vtune/2025.0/lib32/runtime/libittnotify_collector.so
51 [139944886967232] INFO perfrun.launcher <> - set environment variable: INTEL_JIT_PROFILER64 = /opt/intel/oneapi/vtune/2025.0/lib64/runtime/libittnotify_collector.so
51 [139944886967232] INFO perfrun.launcher <> - set environment variable: CCL_ITT_LEVEL = 1
51 [139944886967232] INFO perfrun.launcher <> - set environment variable: ENABLE_JITPROFILING = 1
51 [139944886967232] INFO perfrun.launcher <> - set environment variable: CL_CONFIG_USE_VTUNE = True
52 [139944886967232] INFO perfrun.launcher <> - set environment variable: KMP_FORKJOIN_FRAMES = 0
52 [139944886967232] INFO perfrun.launcher <> - set environment variable: KMP_FORKJOIN_FRAMES_MODE = 0
52 [139944886967232] INFO perfrun.launcher <> - set environment variable: INTEL_MRTE_DATA_DIR = /home/sriram/HighPerformanceComputingIIITDM/Assignment1-Profiling/r000hs/data.0
52 [139944886967232] INFO perfrun.launcher <> - set environment variable: INTEL_MRTE_HOST_NAME = SRIRAM
52 [139944886967232] INFO perfrun.launcher <> - set environment variable: JAVA_TOOL_OPTIONS = -agentlib:amplxe_samplingmrte_javaprof_1.0 -Dsun.boot.library.path=/opt/intel/oneapi/vtune/2025.0/lib32/runtime:/opt/intel/oneapi/vtune/2025.0/lib64/runtime
52 [139944886967232] INFO perfrun.launcher <> - set environment variable: LD_LIBRARY_PATH = /opt/intel/oneapi/vtune/2025.0/lib32/runtime:/opt/intel/oneapi/vtune/2025.0/lib64/runtime
52 [139944886967232] INFO perfrun.launcher <> - set environment variable: CORECLR_ENABLE_PROFILING = 1
52 [139944886967232] INFO perfrun.launcher <> - set environment variable: CORECLR_PROFILER = {AA5E4821-E3B1-479c-B7FF-5AD047D22CED}
52 [139944886967232] INFO perfrun.launcher <> - set environment variable: CORECLR_PROFILER_PATH = /opt/intel/oneapi/vtune/2025.0/lib64/libamplxe_samplingmrte_clrprof_1.0.so
53 [139944886967232] INFO perfrun.launcher <> - set environment variable: INTEL_MRTE_PROFILER_MODE = mixed
53 [139944886967232] INFO perfrun.launcher <> - RpcServer: run RPC server to handle requests
53 [139944886967232] INFO perfrun.launcher <> - Launcher: command line to start before modification = ./nn
53 [139944886967232] INFO perfrun.launcher <> - Launcher: command line to start after modification = /opt/intel/oneapi/vtune/2025.0/bin64/pin -error_file /home/sriram/HighPerformanceComputingIIITDM/Assignment1-Profiling/r000hs/data.0/pinerr.tpsslog -detach_reattach -follow_execv -tool_load_option deepbind -t64 /opt/intel/oneapi/vtune/2025.0/lib64/libtpsstool.so -t /opt/intel/oneapi/vtune/2025.0/lib32/libtpsstool.so -server_name tpss_ipc.372987 -prd_dir /opt/intel/oneapi/vtune/2025.0 -- ./nn
53 [139944886967232] INFO perfrun.launcher <> - ProcessCreator object was created
53 [139944886967232] INFO perfrun.launcher <> - Launcher: the process was started in suspend mode
54 [139944731338432] WARN perfrun.system <> - Could not do anything with /sys/kernel/debug/kvm: boost::filesystem::status: Permission denied [system:13]: "/sys/kernel/debug/kvm", at file: vcs/perfrun1/plugins/system/src/trace_writer.cpp:787
55 [139944731338432] WARN perfrun.system <> - Folder "/var/run/libvirt/qemu/"doesn't exist, at file: vcs/perfrun1/plugins/system/src/trace_writer.cpp:800
55 [139944731338432] WARN perfrun.sdk <> - Failed to find xl binary on any of the system paths: /bin, /sbin, /usr/bin, /usr/sbin., at file: vcs/perfrun1/sdk/src/utils.cpp:205
55 [139944731338432] WARN perfrun.system <> - Could not start ContainerMapping collector, at file: vcs/perfrun1/plugins/system/src/controller.cpp:450
58 [139944731338432] INFO perfrun.vdso <> - Helper runtool '/opt/intel/oneapi/vtune/2025.0/bin32/amplxe-runss -dump-vdso -r /home/sriram/HighPerformanceComputingIIITDM/Assignment1-Profiling/r000hs --tmp-dir /tmp/amplxe-tmp-sriram' returned 1
110 [139944731338432] INFO perfrun.vdso <> - Helper runtool '/opt/intel/oneapi/vtune/2025.0/bin64/amplxe-runss -dump-vdso -r /home/sriram/HighPerformanceComputingIIITDM/Assignment1-Profiling/r000hs --tmp-dir /tmp/amplxe-tmp-sriram' returned 0
110 [139944731338432] INFO perfrun.itt <> - start itt controller for pid #372992
110 [139944731338432] INFO perfrun.tpss <> - start tpss controller for pid #372992
160 [139944886967232] INFO perfrun.launcher <> - Launcher: all plugins were started
161 [139944886967232] INFO perfrun.launcher <> - DirectoryMonitor object was created
161 [139944886967232] INFO perfrun.launcher <> - DirectoryMonitor: a callback was added
161 [139944886967232] INFO perfrun.launcher <> - DirectoryMonitor was started with pingTime = 1000
161 [139944886967232] INFO perfrun.launcher <> - DeadlineTimer is going to be constructed
161 [139944886967232] INFO perfrun.launcher <> - DeadlineTimer: a callback was added
169 [139944886967232] INFO perfrun.launcher <> - Launcher: resume the profiled application and  wait its termination or stop command
310 [139944886967232] INFO perfrun.launcher <> - Launcher: the profiled application was terminated  with exit code = 0
312 [139944731338432] INFO perfrun.itt <> - detach itt controller
312 [139944731338432] INFO perfrun.itt <> - detach itt controller done
312 [139944731338432] INFO perfrun.tpss <> - stop tpss controller
312 [139944731338432] INFO perfrun.sdk <> - De-allocating TMU: /home/sriram/HighPerformanceComputingIIITDM/Assignment1-Profiling/r000hs/data.0/systemcollector-372987-SRIRAM.sc
312 [139944731338432] INFO perfrun.system <> - closed the system trace file: /home/sriram/HighPerformanceComputingIIITDM/Assignment1-Profiling/r000hs/data.0/systemcollector-372987-SRIRAM.sc
312 [139944886967232] INFO perfrun.launcher <> - Launcher: all plugins were stopped.
312 [139944886967232] INFO perfrun.launcher <> - DeadlineTimer is going to be destroyed
312 [139944886967232] INFO perfrun.launcher <> - DeadlineTimer was destroyed
312 [139944886967232] INFO perfrun.launcher <> - DirectoryMonitor object was destroyed
313 [139944886967232] WARN perfrun.launcher <> - Stop command is ignored because it is received when collection is already stopped, at file: vcs/perfrun1/launcher/src/command_handler.cpp:226
313 [139944886967232] INFO perfrun.launcher <> - Application exit code: 0
313 [139944886967232] INFO perfrun.launcher <> - Exit code: 0
