0 [140616013265856] INFO perfrun.launcher <> - Launcher main begin
1 [140616013265856] INFO perfrun.launcher <> - MessageCatalogInit finished
1 [140616013265856] INFO perfrun.launcher <> - Launcher instance created
1 [140616013265856] INFO perfrun.launcher <> - argc = 6; cmdline = /opt/intel/oneapi/vtune/2025.0/bin64/amplxe-runss -dump-vdso -r /home/sriram/HighPerformanceComputingIIITDM/Assignment1-Profiling/r002hs --tmp-dir /tmp/amplxe-tmp-sriram 
22 [140616013265856] INFO perfrun.perfcollector <> - SEP tool path: /opt/intel/oneapi/vtune/2025.0/bin64/sep
34 [140616013265856] INFO perfrun.launcher <> - create msngr2::ICliToolContext
34 [140616013265856] INFO perfrun.launcher <> - create file finder object
35 [140615857727168] INFO perfrun.launcher <> - plugin [remoteplug] was disabled because it doesn't support the given collection type.
35 [140615857727168] INFO perfrun.launcher <> - plugin [system] was disabled because it doesn't support the given collection type.
35 [140615857727168] INFO perfrun.vdso <> - dumping [vdso] pseudomodule
36 [140615857727168] INFO perfrun.launcher <> - plugin [itt] was disabled because it doesn't support the given collection type.
36 [140615857727168] INFO perfrun.launcher <> - plugin [ptracecollector] was disabled because it doesn't support the given collection type.
36 [140615857727168] INFO perfrun.launcher <> - plugin [gpu] was disabled because it doesn't support the given collection type.
37 [140615857727168] INFO perfrun.launcher <> - plugin [] was disabled because it doesn't support the given collection type.
37 [140615857727168] INFO perfrun.launcher <> - plugin [] was disabled because it doesn't support the given collection type.
37 [140615857727168] INFO perfrun.launcher <> - plugin [] was disabled because it doesn't support the given collection type.
37 [140615857727168] INFO perfrun.launcher <> - plugin [mrte] was disabled because it doesn't support the given collection type.
37 [140615857727168] INFO perfrun.launcher <> - plugin [emon] was disabled because it doesn't support the given collection type.
37 [140615857727168] INFO perfrun.launcher <> - plugin [cuscol] was disabled because it doesn't support the given collection type.
37 [140615857727168] INFO perfrun.launcher <> - plugin [stdsrc] was disabled because it doesn't support the given collection type.
37 [140615857727168] INFO perfrun.launcher <> - plugin [sep] was disabled because it doesn't support the given collection type.
37 [140615857727168] INFO perfrun.launcher <> - plugin [vtsspp] was disabled because it doesn't support the given collection type.
37 [140615857727168] INFO perfrun.launcher <> - plugin [perf] was disabled because it doesn't support the given collection type.
37 [140615857727168] INFO perfrun.launcher <> - plugin [aoclprofile] was disabled because it doesn't support the given collection type.
37 [140615857727168] INFO perfrun.launcher <> - plugin [tpss] was disabled because it doesn't support the given collection type.
37 [140615857727168] INFO perfrun.launcher <> - plugin [media] was disabled because it doesn't support the given collection type.
37 [140615857727168] INFO perfrun.launcher <> - plugin [] was disabled because it doesn't support the given collection type.
37 [140615857727168] INFO perfrun.launcher <> - plugin [] was disabled because it doesn't support the given collection type.
37 [140615857727168] INFO perfrun.launcher <> - plugin [parallelfs] was disabled because it doesn't support the given collection type.
37 [140615857727168] INFO perfrun.launcher <> - plugin [power] was disabled because it doesn't support the given collection type.
37 [140615857727168] INFO perfrun.launcher <> - plugin [] was disabled because it doesn't support the given collection type.
37 [140615857727168] INFO perfrun.launcher <> - plugin [ipmwatch] was disabled because it doesn't support the given collection type.
37 [140615857727168] INFO perfrun.launcher <> - plugin [os_counters] was disabled because it doesn't support the given collection type.
37 [140615857727168] INFO perfrun.launcher <> - plugin [l0_metrics] was disabled because it doesn't support the given collection type.
37 [140616013265856] INFO perfrun.launcher <> - Application exit code: 0
37 [140616013265856] INFO perfrun.launcher <> - Exit code: 0
